<!DOCTYPE html PUBLIC "-//W3C//DTD XHTML 1.1//EN" "http://www.w3.org/TR/xhtml11/DTD/xhtml11.dtd">
<html xmlns="http://www.w3.org/1999/xhtml"><head><title>TestNG Report</title><style type="text/css">table {margin-bottom:10px;border-collapse:collapse;empty-cells:show}th,td {border:1px solid #009;padding:.25em .5em}th {vertical-align:bottom}td {vertical-align:top}table a {font-weight:bold}.stripe td {background-color: #E6EBF9}.num {text-align:right}.passedodd td {background-color: #3F3}.passedeven td {background-color: #0A0}.skippedodd td {background-color: #DDD}.skippedeven td {background-color: #CCC}.failedodd td,.attn {background-color: #F33}.failedeven td,.stripe .attn {background-color: #D00}.stacktrace {white-space:pre;font-family:monospace}.totop {font-size:85%;text-align:center;border-bottom:2px solid #000}</style></head><body><table><tr><th>Test</th><th># Passed</th><th># Skipped</th><th># Failed</th><th>Time (ms)</th><th>Included Groups</th><th>Excluded Groups</th></tr><tr><th colspan="7">Suite</th></tr><tr><td><a href="#t0">chrome</a></td><td class="num">1</td><td class="num attn">3</td><td class="num attn">1</td><td class="num">127,849</td><td></td><td></td></tr><tr class="stripe"><td><a href="#t1">firefox</a></td><td class="num">1</td><td class="num attn">3</td><td class="num attn">1</td><td class="num">176,523</td><td></td><td></td></tr><tr><th>Total</th><th class="num">2</th><th class="num attn">6</th><th class="num attn">2</th><th class="num">304,372</th><th colspan="2"></th></tr></table><table><thead><tr><th>Class</th><th>Method</th><th>Start</th><th>Time (ms)</th></tr></thead><tbody><tr><th colspan="4">Suite</th></tr></tbody><tbody id="t0"><tr><th colspan="4">chrome &#8212; failed</th></tr><tr class="failedeven"><td rowspan="1">testScript.SearchScenario</td><td><a href="#m0">validSearchScenario</a></td><td rowspan="1">1486791908473</td><td rowspan="1">62510</td></tr><tr><th colspan="4">chrome &#8212; skipped</th></tr><tr class="skippedeven"><td rowspan="2">testScript.LoginScenario</td><td><a href="#m1">validLoginScenario</a></td><td rowspan="2">1486791894840</td><td rowspan="2">1620</td></tr><tr class="skippedeven"><td><a href="#m2">validLoginScenario</a></td></tr><tr class="skippedodd"><td rowspan="1">testScript.SearchScenario</td><td><a href="#m3">validSearchScenario</a></td><td rowspan="1">1486791977062</td><td rowspan="1">1548</td></tr><tr><th colspan="4">chrome &#8212; passed</th></tr><tr class="passedeven"><td rowspan="1">testScript.LoginScenario</td><td><a href="#m4">validLoginScenario</a></td><td rowspan="1">1486791857736</td><td rowspan="1">31441</td></tr></tbody><tbody id="t1"><tr><th colspan="4">firefox &#8212; failed</th></tr><tr class="failedeven"><td rowspan="1">testScript.SearchScenario</td><td><a href="#m5">validSearchScenario</a></td><td rowspan="1">1486792049621</td><td rowspan="1">63116</td></tr><tr><th colspan="4">firefox &#8212; skipped</th></tr><tr class="skippedeven"><td rowspan="2">testScript.LoginScenario</td><td><a href="#m6">validLoginScenario</a></td><td rowspan="2">1486792029468</td><td rowspan="2">2351</td></tr><tr class="skippedeven"><td><a href="#m7">validLoginScenario</a></td></tr><tr class="skippedodd"><td rowspan="1">testScript.SearchScenario</td><td><a href="#m8">validSearchScenario</a></td><td rowspan="1">1486792122235</td><td rowspan="1">33198</td></tr><tr><th colspan="4">firefox &#8212; passed</th></tr><tr class="passedeven"><td rowspan="1">testScript.LoginScenario</td><td><a href="#m9">validLoginScenario</a></td><td rowspan="1">1486791988724</td><td rowspan="1">32978</td></tr></tbody></table><h2>chrome</h2><h3 id="m0">testScript.SearchScenario#validSearchScenario</h3><table class="result"><tr class="param"><th>Parameter #1</th></tr><tr class="param stripe"><td>{TestDescription=This test is to validate the valid book search, UserName=qtpworld2008@gmail.com, AccountID=qtpworld2008 g, TC_ID=TC_02, Functionality=validSearchScenario, TestScenario=Validating_search_functionality, BookNo.=498.0, RunStatus=Y, Run=1.0, SearchKeyword=ways, Password=learn123}</td></tr><tr><th>Exception</th></tr><tr><td><div class="stacktrace">junit.framework.ComparisonFailure: expected:&lt;49[8]&gt; but was:&lt;49[7]&gt;
	at junit.framework.Assert.assertEquals(Assert.java:85)
	at junit.framework.Assert.assertEquals(Assert.java:91)
	at pageModulesGeneric.HomePageGeneric.getSearchBookCount(HomePageGeneric.java:42)
	at testScript.SearchScenario.validSearchScenario(SearchScenario.java:25)
... Removed 24 stack frames</div></td></tr></table><p class="totop"><a href="#summary">back to summary</a></p><h3 id="m1">testScript.LoginScenario#validLoginScenario</h3><table class="result"><tr class="param"><th>Parameter #1</th></tr><tr class="param stripe"><td>{TestDescription=This test is to validate invalid login, UserName=sfsds, AccountID=, TC_ID=TC_01, Functionality=validLoginScenario, TestScenario=Login_Scenario_Check_Valid_and_Invalid, RunStatus=Y, Run=2.0, Password=sdfsd}</td></tr><tr><th>Exception</th></tr><tr><td><div class="stacktrace">org.testng.SkipException: The user has given incorrect user details
	at genericLibraries.BaseClass.skipExecution(BaseClass.java:104)
	at pageModulesGeneric.LoginGeneric.loginModule(LoginGeneric.java:46)
	at testScript.LoginScenario.validLoginScenario(LoginScenario.java:27)
... Removed 24 stack frames</div></td></tr></table><p class="totop"><a href="#summary">back to summary</a></p><h3 id="m2">testScript.LoginScenario#validLoginScenario</h3><table class="result"><tr class="param"><th>Parameter #1</th></tr><tr class="param stripe"><td>{TestDescription=This test is to validate invalid login, UserName=, AccountID=, TC_ID=TC_01, Functionality=validLoginScenario, TestScenario=Login_Scenario_Check_Valid_and_Invalid, RunStatus=Y, Run=3.0, Password=}</td></tr><tr><th>Exception</th></tr><tr><td><div class="stacktrace">org.testng.SkipException: The user has given incorrect user details
	at genericLibraries.BaseClass.skipExecution(BaseClass.java:104)
	at pageModulesGeneric.LoginGeneric.loginModule(LoginGeneric.java:46)
	at testScript.LoginScenario.validLoginScenario(LoginScenario.java:27)
... Removed 24 stack frames</div></td></tr></table><p class="totop"><a href="#summary">back to summary</a></p><h3 id="m3">testScript.SearchScenario#validSearchScenario</h3><table class="result"><tr class="param"><th>Parameter #1</th></tr><tr class="param stripe"><td>{TestDescription=This test is to validate the invalid book search, UserName=Leecotestemail@gmail.com, AccountID=Leecotestemail, TC_ID=TC_02, Functionality=validSearchScenario, TestScenario=Validating_search_functionality, BookNo.=, RunStatus=Y, Run=2.0, SearchKeyword=sdfsdfs, Password=Qwerty2305}</td></tr><tr><th>Exception</th></tr><tr><td><div class="stacktrace">org.testng.SkipException: The user has given incorrect user details
	at genericLibraries.BaseClass.skipExecution(BaseClass.java:104)
	at pageModulesGeneric.LoginGeneric.loginModule(LoginGeneric.java:46)
	at testScript.SearchScenario.validSearchScenario(SearchScenario.java:23)
... Removed 24 stack frames</div></td></tr></table><p class="totop"><a href="#summary">back to summary</a></p><h3 id="m4">testScript.LoginScenario#validLoginScenario</h3><table class="result"><tr class="param"><th>Parameter #1</th></tr><tr class="param stripe"><td>{TestDescription=This test is to validate valid login, UserName=qtpworld2008@gmail.com, AccountID=qtpworld2008 g, TC_ID=TC_01, Functionality=validLoginScenario, TestScenario=Login_Scenario_Check_Valid_and_Invalid, RunStatus=Y, Run=1.0, Password=learn123}</td></tr></table><p class="totop"><a href="#summary">back to summary</a></p><h2>firefox</h2><h3 id="m5">testScript.SearchScenario#validSearchScenario</h3><table class="result"><tr class="param"><th>Parameter #1</th></tr><tr class="param stripe"><td>{TestDescription=This test is to validate the valid book search, UserName=qtpworld2008@gmail.com, AccountID=qtpworld2008 g, TC_ID=TC_02, Functionality=validSearchScenario, TestScenario=Validating_search_functionality, BookNo.=498.0, RunStatus=Y, Run=1.0, SearchKeyword=ways, Password=learn123}</td></tr><tr><th>Exception</th></tr><tr><td><div class="stacktrace">junit.framework.ComparisonFailure: expected:&lt;49[8]&gt; but was:&lt;49[7]&gt;
	at junit.framework.Assert.assertEquals(Assert.java:85)
	at junit.framework.Assert.assertEquals(Assert.java:91)
	at pageModulesGeneric.HomePageGeneric.getSearchBookCount(HomePageGeneric.java:42)
	at testScript.SearchScenario.validSearchScenario(SearchScenario.java:25)
... Removed 24 stack frames</div></td></tr></table><p class="totop"><a href="#summary">back to summary</a></p><h3 id="m6">testScript.LoginScenario#validLoginScenario</h3><table class="result"><tr class="param"><th>Parameter #1</th></tr><tr class="param stripe"><td>{TestDescription=This test is to validate invalid login, UserName=sfsds, AccountID=, TC_ID=TC_01, Functionality=validLoginScenario, TestScenario=Login_Scenario_Check_Valid_and_Invalid, RunStatus=Y, Run=2.0, Password=sdfsd}</td></tr><tr><th>Exception</th></tr><tr><td><div class="stacktrace">org.testng.SkipException: The user has given incorrect user details
	at genericLibraries.BaseClass.skipExecution(BaseClass.java:104)
	at pageModulesGeneric.LoginGeneric.loginModule(LoginGeneric.java:46)
	at testScript.LoginScenario.validLoginScenario(LoginScenario.java:27)
... Removed 24 stack frames</div></td></tr></table><p class="totop"><a href="#summary">back to summary</a></p><h3 id="m7">testScript.LoginScenario#validLoginScenario</h3><table class="result"><tr class="param"><th>Parameter #1</th></tr><tr class="param stripe"><td>{TestDescription=This test is to validate invalid login, UserName=, AccountID=, TC_ID=TC_01, Functionality=validLoginScenario, TestScenario=Login_Scenario_Check_Valid_and_Invalid, RunStatus=Y, Run=3.0, Password=}</td></tr><tr><th>Exception</th></tr><tr><td><div class="stacktrace">org.testng.SkipException: The user has given incorrect user details
	at genericLibraries.BaseClass.skipExecution(BaseClass.java:104)
	at pageModulesGeneric.LoginGeneric.loginModule(LoginGeneric.java:46)
	at testScript.LoginScenario.validLoginScenario(LoginScenario.java:27)
... Removed 24 stack frames</div></td></tr></table><p class="totop"><a href="#summary">back to summary</a></p><h3 id="m8">testScript.SearchScenario#validSearchScenario</h3><table class="result"><tr class="param"><th>Parameter #1</th></tr><tr class="param stripe"><td>{TestDescription=This test is to validate the invalid book search, UserName=qtpworld2008@gmail.com, AccountID=qtpworld2008 g, TC_ID=TC_02, Functionality=validSearchScenario, TestScenario=Validating_search_functionality, BookNo.=, RunStatus=Y, Run=2.0, SearchKeyword=sdfsdfs, Password=learn123}</td></tr><tr><th>Exception</th></tr><tr><td><div class="stacktrace">org.testng.SkipException: Incorrect book detail given
	at genericLibraries.BaseClass.skipExecution(BaseClass.java:104)
	at pageModulesGeneric.HomePageGeneric.getSearchBookCount(HomePageGeneric.java:37)
	at testScript.SearchScenario.validSearchScenario(SearchScenario.java:25)
... Removed 24 stack frames</div></td></tr></table><p class="totop"><a href="#summary">back to summary</a></p><h3 id="m9">testScript.LoginScenario#validLoginScenario</h3><table class="result"><tr class="param"><th>Parameter #1</th></tr><tr class="param stripe"><td>{TestDescription=This test is to validate valid login, UserName=qtpworld2008@gmail.com, AccountID=qtpworld2008 g, TC_ID=TC_01, Functionality=validLoginScenario, TestScenario=Login_Scenario_Check_Valid_and_Invalid, RunStatus=Y, Run=1.0, Password=learn123}</td></tr></table><p class="totop"><a href="#summary">back to summary</a></p></body></html>