<?xml version="1.0" encoding="UTF-8"?>
<testng-results skipped="6" failed="2" total="10" passed="2">
  <reporter-output>
  </reporter-output>
  <suite name="Suite" duration-ms="304390" started-at="2017-02-11T05:44:11Z" finished-at="2017-02-11T05:49:16Z">
    <groups>
    </groups>
    <test name="chrome" duration-ms="127849" started-at="2017-02-11T05:44:11Z" finished-at="2017-02-11T05:46:19Z">
      <class name="testScript.SearchScenario">
        <test-method status="PASS" signature="intializeBrowser(java.lang.String, [Ljava.lang.Object;)[pri:0, instance:testScript.SearchScenario@63e2203c]" name="intializeBrowser" is-config="true" duration-ms="4460" started-at="2017-02-11T11:15:04Z" finished-at="2017-02-11T11:15:08Z">
          <params>
            <param index="0">
              <value>
                <![CDATA[chrome]]>
              </value>
            </param>
            <param index="1">
              <value>
                <![CDATA[[Ljava.lang.Object;@742d4e15]]>
              </value>
            </param>
          </params>
          <reporter-output>
          </reporter-output>
        </test-method> <!-- intializeBrowser -->
        <test-method status="FAIL" signature="validSearchScenario(java.util.Map)[pri:0, instance:testScript.SearchScenario@63e2203c]" name="validSearchScenario" duration-ms="62510" started-at="2017-02-11T11:15:08Z" data-provider="DataProvider_Excel" finished-at="2017-02-11T11:16:10Z">
          <params>
            <param index="0">
              <value>
                <![CDATA[{TestDescription=This test is to validate the valid book search, UserName=qtpworld2008@gmail.com, AccountID=qtpworld2008 g, TC_ID=TC_02, Functionality=validSearchScenario, TestScenario=Validating_search_functionality, BookNo.=498.0, RunStatus=Y, Run=1.0, SearchKeyword=ways, Password=learn123}]]>
              </value>
            </param>
          </params>
          <exception class="junit.framework.ComparisonFailure">
            <message>
              <![CDATA[expected:<49[8]> but was:<49[7]>]]>
            </message>
            <full-stacktrace>
              <![CDATA[junit.framework.ComparisonFailure: expected:<49[8]> but was:<49[7]>
	at junit.framework.Assert.assertEquals(Assert.java:85)
	at junit.framework.Assert.assertEquals(Assert.java:91)
	at pageModulesGeneric.HomePageGeneric.getSearchBookCount(HomePageGeneric.java:42)
	at testScript.SearchScenario.validSearchScenario(SearchScenario.java:25)
	at sun.reflect.NativeMethodAccessorImpl.invoke0(Native Method)
	at sun.reflect.NativeMethodAccessorImpl.invoke(NativeMethodAccessorImpl.java:62)
	at sun.reflect.DelegatingMethodAccessorImpl.invoke(DelegatingMethodAccessorImpl.java:43)
	at java.lang.reflect.Method.invoke(Method.java:498)
	at org.testng.internal.MethodInvocationHelper.invokeMethod(MethodInvocationHelper.java:85)
	at org.testng.internal.Invoker.invokeMethod(Invoker.java:639)
	at org.testng.internal.Invoker.invokeTestMethod(Invoker.java:816)
	at org.testng.internal.Invoker.invokeTestMethods(Invoker.java:1124)
	at org.testng.internal.TestMethodWorker.invokeTestMethods(TestMethodWorker.java:125)
	at org.testng.internal.TestMethodWorker.run(TestMethodWorker.java:108)
	at org.testng.TestRunner.privateRun(TestRunner.java:774)
	at org.testng.TestRunner.run(TestRunner.java:624)
	at org.testng.SuiteRunner.runTest(SuiteRunner.java:359)
	at org.testng.SuiteRunner.runSequentially(SuiteRunner.java:354)
	at org.testng.SuiteRunner.privateRun(SuiteRunner.java:312)
	at org.testng.SuiteRunner.run(SuiteRunner.java:261)
	at org.testng.SuiteRunnerWorker.runSuite(SuiteRunnerWorker.java:52)
	at org.testng.SuiteRunnerWorker.run(SuiteRunnerWorker.java:86)
	at org.testng.TestNG.runSuitesSequentially(TestNG.java:1215)
	at org.testng.TestNG.runSuitesLocally(TestNG.java:1140)
	at org.testng.TestNG.run(TestNG.java:1048)
	at org.testng.remote.AbstractRemoteTestNG.run(AbstractRemoteTestNG.java:132)
	at org.testng.remote.RemoteTestNG.initAndRun(RemoteTestNG.java:236)
	at org.testng.remote.RemoteTestNG.main(RemoteTestNG.java:81)
]]>
            </full-stacktrace>
          </exception> <!-- junit.framework.ComparisonFailure -->
          <reporter-output>
          </reporter-output>
        </test-method> <!-- validSearchScenario -->
        <test-method status="PASS" signature="tearDown(org.testng.ITestResult)[pri:0, instance:testScript.SearchScenario@63e2203c]" name="tearDown" is-config="true" duration-ms="1377" started-at="2017-02-11T11:16:10Z" finished-at="2017-02-11T11:16:12Z">
          <params>
            <param index="0">
              <value>
                <![CDATA[[TestResult name=validSearchScenario status=FAILURE method=SearchScenario.validSearchScenario(java.util.Map)[pri:0, instance:testScript.SearchScenario@63e2203c] output={null}]]]>
              </value>
            </param>
          </params>
          <reporter-output>
          </reporter-output>
        </test-method> <!-- tearDown -->
        <test-method status="PASS" signature="intializeBrowser(java.lang.String, [Ljava.lang.Object;)[pri:0, instance:testScript.SearchScenario@63e2203c]" name="intializeBrowser" is-config="true" duration-ms="4700" started-at="2017-02-11T11:16:12Z" finished-at="2017-02-11T11:16:17Z">
          <params>
            <param index="0">
              <value>
                <![CDATA[chrome]]>
              </value>
            </param>
            <param index="1">
              <value>
                <![CDATA[[Ljava.lang.Object;@88a8218]]>
              </value>
            </param>
          </params>
          <reporter-output>
          </reporter-output>
        </test-method> <!-- intializeBrowser -->
        <test-method status="SKIP" signature="validSearchScenario(java.util.Map)[pri:0, instance:testScript.SearchScenario@63e2203c]" name="validSearchScenario" duration-ms="1548" started-at="2017-02-11T11:16:17Z" data-provider="DataProvider_Excel" finished-at="2017-02-11T11:16:18Z">
          <params>
            <param index="0">
              <value>
                <![CDATA[{TestDescription=This test is to validate the invalid book search, UserName=Leecotestemail@gmail.com, AccountID=Leecotestemail, TC_ID=TC_02, Functionality=validSearchScenario, TestScenario=Validating_search_functionality, BookNo.=, RunStatus=Y, Run=2.0, SearchKeyword=sdfsdfs, Password=Qwerty2305}]]>
              </value>
            </param>
          </params>
          <exception class="org.testng.SkipException">
            <message>
              <![CDATA[The user has given incorrect user details]]>
            </message>
            <full-stacktrace>
              <![CDATA[org.testng.SkipException: The user has given incorrect user details
	at genericLibraries.BaseClass.skipExecution(BaseClass.java:104)
	at pageModulesGeneric.LoginGeneric.loginModule(LoginGeneric.java:46)
	at testScript.SearchScenario.validSearchScenario(SearchScenario.java:23)
	at sun.reflect.NativeMethodAccessorImpl.invoke0(Native Method)
	at sun.reflect.NativeMethodAccessorImpl.invoke(NativeMethodAccessorImpl.java:62)
	at sun.reflect.DelegatingMethodAccessorImpl.invoke(DelegatingMethodAccessorImpl.java:43)
	at java.lang.reflect.Method.invoke(Method.java:498)
	at org.testng.internal.MethodInvocationHelper.invokeMethod(MethodInvocationHelper.java:85)
	at org.testng.internal.Invoker.invokeMethod(Invoker.java:639)
	at org.testng.internal.Invoker.invokeTestMethod(Invoker.java:816)
	at org.testng.internal.Invoker.invokeTestMethods(Invoker.java:1124)
	at org.testng.internal.TestMethodWorker.invokeTestMethods(TestMethodWorker.java:125)
	at org.testng.internal.TestMethodWorker.run(TestMethodWorker.java:108)
	at org.testng.TestRunner.privateRun(TestRunner.java:774)
	at org.testng.TestRunner.run(TestRunner.java:624)
	at org.testng.SuiteRunner.runTest(SuiteRunner.java:359)
	at org.testng.SuiteRunner.runSequentially(SuiteRunner.java:354)
	at org.testng.SuiteRunner.privateRun(SuiteRunner.java:312)
	at org.testng.SuiteRunner.run(SuiteRunner.java:261)
	at org.testng.SuiteRunnerWorker.runSuite(SuiteRunnerWorker.java:52)
	at org.testng.SuiteRunnerWorker.run(SuiteRunnerWorker.java:86)
	at org.testng.TestNG.runSuitesSequentially(TestNG.java:1215)
	at org.testng.TestNG.runSuitesLocally(TestNG.java:1140)
	at org.testng.TestNG.run(TestNG.java:1048)
	at org.testng.remote.AbstractRemoteTestNG.run(AbstractRemoteTestNG.java:132)
	at org.testng.remote.RemoteTestNG.initAndRun(RemoteTestNG.java:236)
	at org.testng.remote.RemoteTestNG.main(RemoteTestNG.java:81)
]]>
            </full-stacktrace>
          </exception> <!-- org.testng.SkipException -->
          <reporter-output>
          </reporter-output>
        </test-method> <!-- validSearchScenario -->
        <test-method status="PASS" signature="tearDown(org.testng.ITestResult)[pri:0, instance:testScript.SearchScenario@63e2203c]" name="tearDown" is-config="true" duration-ms="914" started-at="2017-02-11T11:16:18Z" finished-at="2017-02-11T11:16:19Z">
          <params>
            <param index="0">
              <value>
                <![CDATA[[TestResult name=validSearchScenario status=SKIP method=SearchScenario.validSearchScenario(java.util.Map)[pri:0, instance:testScript.SearchScenario@63e2203c] output={null}]]]>
              </value>
            </param>
          </params>
          <reporter-output>
          </reporter-output>
        </test-method> <!-- tearDown -->
      </class> <!-- testScript.SearchScenario -->
      <class name="testScript.LoginScenario">
        <test-method status="PASS" signature="intializeBrowser(java.lang.String, [Ljava.lang.Object;)[pri:0, instance:testScript.LoginScenario@3224f60b]" name="intializeBrowser" is-config="true" duration-ms="5427" started-at="2017-02-11T11:14:12Z" finished-at="2017-02-11T11:14:17Z">
          <params>
            <param index="0">
              <value>
                <![CDATA[chrome]]>
              </value>
            </param>
            <param index="1">
              <value>
                <![CDATA[[Ljava.lang.Object;@50b1f030]]>
              </value>
            </param>
          </params>
          <reporter-output>
          </reporter-output>
        </test-method> <!-- intializeBrowser -->
        <test-method status="PASS" signature="validLoginScenario(java.util.Map)[pri:0, instance:testScript.LoginScenario@3224f60b]" name="validLoginScenario" duration-ms="31441" started-at="2017-02-11T11:14:17Z" data-provider="DataProvider_Excel" finished-at="2017-02-11T11:14:49Z">
          <params>
            <param index="0">
              <value>
                <![CDATA[{TestDescription=This test is to validate valid login, UserName=qtpworld2008@gmail.com, AccountID=qtpworld2008 g, TC_ID=TC_01, Functionality=validLoginScenario, TestScenario=Login_Scenario_Check_Valid_and_Invalid, RunStatus=Y, Run=1.0, Password=learn123}]]>
              </value>
            </param>
          </params>
          <reporter-output>
          </reporter-output>
        </test-method> <!-- validLoginScenario -->
        <test-method status="PASS" signature="tearDown(org.testng.ITestResult)[pri:0, instance:testScript.LoginScenario@3224f60b]" name="tearDown" is-config="true" duration-ms="1054" started-at="2017-02-11T11:14:49Z" finished-at="2017-02-11T11:14:50Z">
          <params>
            <param index="0">
              <value>
                <![CDATA[[TestResult name=validLoginScenario status=SUCCESS method=LoginScenario.validLoginScenario(java.util.Map)[pri:0, instance:testScript.LoginScenario@3224f60b] output={null}]]]>
              </value>
            </param>
          </params>
          <reporter-output>
          </reporter-output>
        </test-method> <!-- tearDown -->
        <test-method status="PASS" signature="intializeBrowser(java.lang.String, [Ljava.lang.Object;)[pri:0, instance:testScript.LoginScenario@3224f60b]" name="intializeBrowser" is-config="true" duration-ms="4608" started-at="2017-02-11T11:14:50Z" finished-at="2017-02-11T11:14:54Z">
          <params>
            <param index="0">
              <value>
                <![CDATA[chrome]]>
              </value>
            </param>
            <param index="1">
              <value>
                <![CDATA[[Ljava.lang.Object;@4163f1cd]]>
              </value>
            </param>
          </params>
          <reporter-output>
          </reporter-output>
        </test-method> <!-- intializeBrowser -->
        <test-method status="SKIP" signature="validLoginScenario(java.util.Map)[pri:0, instance:testScript.LoginScenario@3224f60b]" name="validLoginScenario" duration-ms="1620" started-at="2017-02-11T11:14:54Z" data-provider="DataProvider_Excel" finished-at="2017-02-11T11:14:56Z">
          <params>
            <param index="0">
              <value>
                <![CDATA[{TestDescription=This test is to validate invalid login, UserName=sfsds, AccountID=, TC_ID=TC_01, Functionality=validLoginScenario, TestScenario=Login_Scenario_Check_Valid_and_Invalid, RunStatus=Y, Run=2.0, Password=sdfsd}]]>
              </value>
            </param>
          </params>
          <exception class="org.testng.SkipException">
            <message>
              <![CDATA[The user has given incorrect user details]]>
            </message>
            <full-stacktrace>
              <![CDATA[org.testng.SkipException: The user has given incorrect user details
	at genericLibraries.BaseClass.skipExecution(BaseClass.java:104)
	at pageModulesGeneric.LoginGeneric.loginModule(LoginGeneric.java:46)
	at testScript.LoginScenario.validLoginScenario(LoginScenario.java:27)
	at sun.reflect.NativeMethodAccessorImpl.invoke0(Native Method)
	at sun.reflect.NativeMethodAccessorImpl.invoke(NativeMethodAccessorImpl.java:62)
	at sun.reflect.DelegatingMethodAccessorImpl.invoke(DelegatingMethodAccessorImpl.java:43)
	at java.lang.reflect.Method.invoke(Method.java:498)
	at org.testng.internal.MethodInvocationHelper.invokeMethod(MethodInvocationHelper.java:85)
	at org.testng.internal.Invoker.invokeMethod(Invoker.java:639)
	at org.testng.internal.Invoker.invokeTestMethod(Invoker.java:816)
	at org.testng.internal.Invoker.invokeTestMethods(Invoker.java:1124)
	at org.testng.internal.TestMethodWorker.invokeTestMethods(TestMethodWorker.java:125)
	at org.testng.internal.TestMethodWorker.run(TestMethodWorker.java:108)
	at org.testng.TestRunner.privateRun(TestRunner.java:774)
	at org.testng.TestRunner.run(TestRunner.java:624)
	at org.testng.SuiteRunner.runTest(SuiteRunner.java:359)
	at org.testng.SuiteRunner.runSequentially(SuiteRunner.java:354)
	at org.testng.SuiteRunner.privateRun(SuiteRunner.java:312)
	at org.testng.SuiteRunner.run(SuiteRunner.java:261)
	at org.testng.SuiteRunnerWorker.runSuite(SuiteRunnerWorker.java:52)
	at org.testng.SuiteRunnerWorker.run(SuiteRunnerWorker.java:86)
	at org.testng.TestNG.runSuitesSequentially(TestNG.java:1215)
	at org.testng.TestNG.runSuitesLocally(TestNG.java:1140)
	at org.testng.TestNG.run(TestNG.java:1048)
	at org.testng.remote.AbstractRemoteTestNG.run(AbstractRemoteTestNG.java:132)
	at org.testng.remote.RemoteTestNG.initAndRun(RemoteTestNG.java:236)
	at org.testng.remote.RemoteTestNG.main(RemoteTestNG.java:81)
]]>
            </full-stacktrace>
          </exception> <!-- org.testng.SkipException -->
          <reporter-output>
          </reporter-output>
        </test-method> <!-- validLoginScenario -->
        <test-method status="PASS" signature="tearDown(org.testng.ITestResult)[pri:0, instance:testScript.LoginScenario@3224f60b]" name="tearDown" is-config="true" duration-ms="947" started-at="2017-02-11T11:14:56Z" finished-at="2017-02-11T11:14:57Z">
          <params>
            <param index="0">
              <value>
                <![CDATA[[TestResult name=validLoginScenario status=SKIP method=LoginScenario.validLoginScenario(java.util.Map)[pri:0, instance:testScript.LoginScenario@3224f60b] output={null}]]]>
              </value>
            </param>
          </params>
          <reporter-output>
          </reporter-output>
        </test-method> <!-- tearDown -->
        <test-method status="PASS" signature="intializeBrowser(java.lang.String, [Ljava.lang.Object;)[pri:0, instance:testScript.LoginScenario@3224f60b]" name="intializeBrowser" is-config="true" duration-ms="4749" started-at="2017-02-11T11:14:57Z" finished-at="2017-02-11T11:15:02Z">
          <params>
            <param index="0">
              <value>
                <![CDATA[chrome]]>
              </value>
            </param>
            <param index="1">
              <value>
                <![CDATA[[Ljava.lang.Object;@5fa05212]]>
              </value>
            </param>
          </params>
          <reporter-output>
          </reporter-output>
        </test-method> <!-- intializeBrowser -->
        <test-method status="SKIP" signature="validLoginScenario(java.util.Map)[pri:0, instance:testScript.LoginScenario@3224f60b]" name="validLoginScenario" duration-ms="886" started-at="2017-02-11T11:15:02Z" data-provider="DataProvider_Excel" finished-at="2017-02-11T11:15:03Z">
          <params>
            <param index="0">
              <value>
                <![CDATA[{TestDescription=This test is to validate invalid login, UserName=, AccountID=, TC_ID=TC_01, Functionality=validLoginScenario, TestScenario=Login_Scenario_Check_Valid_and_Invalid, RunStatus=Y, Run=3.0, Password=}]]>
              </value>
            </param>
          </params>
          <exception class="org.testng.SkipException">
            <message>
              <![CDATA[The user has given incorrect user details]]>
            </message>
            <full-stacktrace>
              <![CDATA[org.testng.SkipException: The user has given incorrect user details
	at genericLibraries.BaseClass.skipExecution(BaseClass.java:104)
	at pageModulesGeneric.LoginGeneric.loginModule(LoginGeneric.java:46)
	at testScript.LoginScenario.validLoginScenario(LoginScenario.java:27)
	at sun.reflect.NativeMethodAccessorImpl.invoke0(Native Method)
	at sun.reflect.NativeMethodAccessorImpl.invoke(NativeMethodAccessorImpl.java:62)
	at sun.reflect.DelegatingMethodAccessorImpl.invoke(DelegatingMethodAccessorImpl.java:43)
	at java.lang.reflect.Method.invoke(Method.java:498)
	at org.testng.internal.MethodInvocationHelper.invokeMethod(MethodInvocationHelper.java:85)
	at org.testng.internal.Invoker.invokeMethod(Invoker.java:639)
	at org.testng.internal.Invoker.invokeTestMethod(Invoker.java:816)
	at org.testng.internal.Invoker.invokeTestMethods(Invoker.java:1124)
	at org.testng.internal.TestMethodWorker.invokeTestMethods(TestMethodWorker.java:125)
	at org.testng.internal.TestMethodWorker.run(TestMethodWorker.java:108)
	at org.testng.TestRunner.privateRun(TestRunner.java:774)
	at org.testng.TestRunner.run(TestRunner.java:624)
	at org.testng.SuiteRunner.runTest(SuiteRunner.java:359)
	at org.testng.SuiteRunner.runSequentially(SuiteRunner.java:354)
	at org.testng.SuiteRunner.privateRun(SuiteRunner.java:312)
	at org.testng.SuiteRunner.run(SuiteRunner.java:261)
	at org.testng.SuiteRunnerWorker.runSuite(SuiteRunnerWorker.java:52)
	at org.testng.SuiteRunnerWorker.run(SuiteRunnerWorker.java:86)
	at org.testng.TestNG.runSuitesSequentially(TestNG.java:1215)
	at org.testng.TestNG.runSuitesLocally(TestNG.java:1140)
	at org.testng.TestNG.run(TestNG.java:1048)
	at org.testng.remote.AbstractRemoteTestNG.run(AbstractRemoteTestNG.java:132)
	at org.testng.remote.RemoteTestNG.initAndRun(RemoteTestNG.java:236)
	at org.testng.remote.RemoteTestNG.main(RemoteTestNG.java:81)
]]>
            </full-stacktrace>
          </exception> <!-- org.testng.SkipException -->
          <reporter-output>
          </reporter-output>
        </test-method> <!-- validLoginScenario -->
        <test-method status="PASS" signature="tearDown(org.testng.ITestResult)[pri:0, instance:testScript.LoginScenario@3224f60b]" name="tearDown" is-config="true" duration-ms="917" started-at="2017-02-11T11:15:03Z" finished-at="2017-02-11T11:15:03Z">
          <params>
            <param index="0">
              <value>
                <![CDATA[[TestResult name=validLoginScenario status=SKIP method=LoginScenario.validLoginScenario(java.util.Map)[pri:0, instance:testScript.LoginScenario@3224f60b] output={null}]]]>
              </value>
            </param>
          </params>
          <reporter-output>
          </reporter-output>
        </test-method> <!-- tearDown -->
      </class> <!-- testScript.LoginScenario -->
    </test> <!-- chrome -->
    <test name="firefox" duration-ms="176523" started-at="2017-02-11T05:46:19Z" finished-at="2017-02-11T05:49:16Z">
      <class name="testScript.SearchScenario">
        <test-method status="PASS" signature="intializeBrowser(java.lang.String, [Ljava.lang.Object;)[pri:0, instance:testScript.SearchScenario@7f13d6e]" name="intializeBrowser" is-config="true" duration-ms="7040" started-at="2017-02-11T11:17:22Z" finished-at="2017-02-11T11:17:29Z">
          <params>
            <param index="0">
              <value>
                <![CDATA[firefox]]>
              </value>
            </param>
            <param index="1">
              <value>
                <![CDATA[[Ljava.lang.Object;@3e681bc]]>
              </value>
            </param>
          </params>
          <reporter-output>
          </reporter-output>
        </test-method> <!-- intializeBrowser -->
        <test-method status="FAIL" signature="validSearchScenario(java.util.Map)[pri:0, instance:testScript.SearchScenario@7f13d6e]" name="validSearchScenario" duration-ms="63116" started-at="2017-02-11T11:17:29Z" data-provider="DataProvider_Excel" finished-at="2017-02-11T11:18:32Z">
          <params>
            <param index="0">
              <value>
                <![CDATA[{TestDescription=This test is to validate the valid book search, UserName=qtpworld2008@gmail.com, AccountID=qtpworld2008 g, TC_ID=TC_02, Functionality=validSearchScenario, TestScenario=Validating_search_functionality, BookNo.=498.0, RunStatus=Y, Run=1.0, SearchKeyword=ways, Password=learn123}]]>
              </value>
            </param>
          </params>
          <exception class="junit.framework.ComparisonFailure">
            <message>
              <![CDATA[expected:<49[8]> but was:<49[7]>]]>
            </message>
            <full-stacktrace>
              <![CDATA[junit.framework.ComparisonFailure: expected:<49[8]> but was:<49[7]>
	at junit.framework.Assert.assertEquals(Assert.java:85)
	at junit.framework.Assert.assertEquals(Assert.java:91)
	at pageModulesGeneric.HomePageGeneric.getSearchBookCount(HomePageGeneric.java:42)
	at testScript.SearchScenario.validSearchScenario(SearchScenario.java:25)
	at sun.reflect.NativeMethodAccessorImpl.invoke0(Native Method)
	at sun.reflect.NativeMethodAccessorImpl.invoke(NativeMethodAccessorImpl.java:62)
	at sun.reflect.DelegatingMethodAccessorImpl.invoke(DelegatingMethodAccessorImpl.java:43)
	at java.lang.reflect.Method.invoke(Method.java:498)
	at org.testng.internal.MethodInvocationHelper.invokeMethod(MethodInvocationHelper.java:85)
	at org.testng.internal.Invoker.invokeMethod(Invoker.java:639)
	at org.testng.internal.Invoker.invokeTestMethod(Invoker.java:816)
	at org.testng.internal.Invoker.invokeTestMethods(Invoker.java:1124)
	at org.testng.internal.TestMethodWorker.invokeTestMethods(TestMethodWorker.java:125)
	at org.testng.internal.TestMethodWorker.run(TestMethodWorker.java:108)
	at org.testng.TestRunner.privateRun(TestRunner.java:774)
	at org.testng.TestRunner.run(TestRunner.java:624)
	at org.testng.SuiteRunner.runTest(SuiteRunner.java:359)
	at org.testng.SuiteRunner.runSequentially(SuiteRunner.java:354)
	at org.testng.SuiteRunner.privateRun(SuiteRunner.java:312)
	at org.testng.SuiteRunner.run(SuiteRunner.java:261)
	at org.testng.SuiteRunnerWorker.runSuite(SuiteRunnerWorker.java:52)
	at org.testng.SuiteRunnerWorker.run(SuiteRunnerWorker.java:86)
	at org.testng.TestNG.runSuitesSequentially(TestNG.java:1215)
	at org.testng.TestNG.runSuitesLocally(TestNG.java:1140)
	at org.testng.TestNG.run(TestNG.java:1048)
	at org.testng.remote.AbstractRemoteTestNG.run(AbstractRemoteTestNG.java:132)
	at org.testng.remote.RemoteTestNG.initAndRun(RemoteTestNG.java:236)
	at org.testng.remote.RemoteTestNG.main(RemoteTestNG.java:81)
]]>
            </full-stacktrace>
          </exception> <!-- junit.framework.ComparisonFailure -->
          <reporter-output>
          </reporter-output>
        </test-method> <!-- validSearchScenario -->
        <test-method status="PASS" signature="tearDown(org.testng.ITestResult)[pri:0, instance:testScript.SearchScenario@7f13d6e]" name="tearDown" is-config="true" duration-ms="1719" started-at="2017-02-11T11:18:32Z" finished-at="2017-02-11T11:18:34Z">
          <params>
            <param index="0">
              <value>
                <![CDATA[[TestResult name=validSearchScenario status=FAILURE method=SearchScenario.validSearchScenario(java.util.Map)[pri:0, instance:testScript.SearchScenario@7f13d6e] output={null}]]]>
              </value>
            </param>
          </params>
          <reporter-output>
          </reporter-output>
        </test-method> <!-- tearDown -->
        <test-method status="PASS" signature="intializeBrowser(java.lang.String, [Ljava.lang.Object;)[pri:0, instance:testScript.SearchScenario@7f13d6e]" name="intializeBrowser" is-config="true" duration-ms="7779" started-at="2017-02-11T11:18:34Z" finished-at="2017-02-11T11:18:42Z">
          <params>
            <param index="0">
              <value>
                <![CDATA[firefox]]>
              </value>
            </param>
            <param index="1">
              <value>
                <![CDATA[[Ljava.lang.Object;@5c09d180]]>
              </value>
            </param>
          </params>
          <reporter-output>
          </reporter-output>
        </test-method> <!-- intializeBrowser -->
        <test-method status="SKIP" signature="validSearchScenario(java.util.Map)[pri:0, instance:testScript.SearchScenario@7f13d6e]" name="validSearchScenario" duration-ms="33198" started-at="2017-02-11T11:18:42Z" data-provider="DataProvider_Excel" finished-at="2017-02-11T11:19:15Z">
          <params>
            <param index="0">
              <value>
                <![CDATA[{TestDescription=This test is to validate the invalid book search, UserName=qtpworld2008@gmail.com, AccountID=qtpworld2008 g, TC_ID=TC_02, Functionality=validSearchScenario, TestScenario=Validating_search_functionality, BookNo.=, RunStatus=Y, Run=2.0, SearchKeyword=sdfsdfs, Password=learn123}]]>
              </value>
            </param>
          </params>
          <exception class="org.testng.SkipException">
            <message>
              <![CDATA[Incorrect book detail given]]>
            </message>
            <full-stacktrace>
              <![CDATA[org.testng.SkipException: Incorrect book detail given
	at genericLibraries.BaseClass.skipExecution(BaseClass.java:104)
	at pageModulesGeneric.HomePageGeneric.getSearchBookCount(HomePageGeneric.java:37)
	at testScript.SearchScenario.validSearchScenario(SearchScenario.java:25)
	at sun.reflect.NativeMethodAccessorImpl.invoke0(Native Method)
	at sun.reflect.NativeMethodAccessorImpl.invoke(NativeMethodAccessorImpl.java:62)
	at sun.reflect.DelegatingMethodAccessorImpl.invoke(DelegatingMethodAccessorImpl.java:43)
	at java.lang.reflect.Method.invoke(Method.java:498)
	at org.testng.internal.MethodInvocationHelper.invokeMethod(MethodInvocationHelper.java:85)
	at org.testng.internal.Invoker.invokeMethod(Invoker.java:639)
	at org.testng.internal.Invoker.invokeTestMethod(Invoker.java:816)
	at org.testng.internal.Invoker.invokeTestMethods(Invoker.java:1124)
	at org.testng.internal.TestMethodWorker.invokeTestMethods(TestMethodWorker.java:125)
	at org.testng.internal.TestMethodWorker.run(TestMethodWorker.java:108)
	at org.testng.TestRunner.privateRun(TestRunner.java:774)
	at org.testng.TestRunner.run(TestRunner.java:624)
	at org.testng.SuiteRunner.runTest(SuiteRunner.java:359)
	at org.testng.SuiteRunner.runSequentially(SuiteRunner.java:354)
	at org.testng.SuiteRunner.privateRun(SuiteRunner.java:312)
	at org.testng.SuiteRunner.run(SuiteRunner.java:261)
	at org.testng.SuiteRunnerWorker.runSuite(SuiteRunnerWorker.java:52)
	at org.testng.SuiteRunnerWorker.run(SuiteRunnerWorker.java:86)
	at org.testng.TestNG.runSuitesSequentially(TestNG.java:1215)
	at org.testng.TestNG.runSuitesLocally(TestNG.java:1140)
	at org.testng.TestNG.run(TestNG.java:1048)
	at org.testng.remote.AbstractRemoteTestNG.run(AbstractRemoteTestNG.java:132)
	at org.testng.remote.RemoteTestNG.initAndRun(RemoteTestNG.java:236)
	at org.testng.remote.RemoteTestNG.main(RemoteTestNG.java:81)
]]>
            </full-stacktrace>
          </exception> <!-- org.testng.SkipException -->
          <reporter-output>
          </reporter-output>
        </test-method> <!-- validSearchScenario -->
        <test-method status="PASS" signature="tearDown(org.testng.ITestResult)[pri:0, instance:testScript.SearchScenario@7f13d6e]" name="tearDown" is-config="true" duration-ms="633" started-at="2017-02-11T11:19:15Z" finished-at="2017-02-11T11:19:16Z">
          <params>
            <param index="0">
              <value>
                <![CDATA[[TestResult name=validSearchScenario status=SKIP method=SearchScenario.validSearchScenario(java.util.Map)[pri:0, instance:testScript.SearchScenario@7f13d6e] output={null}]]]>
              </value>
            </param>
          </params>
          <reporter-output>
          </reporter-output>
        </test-method> <!-- tearDown -->
      </class> <!-- testScript.SearchScenario -->
      <class name="testScript.LoginScenario">
        <test-method status="PASS" signature="intializeVariables()[pri:0, instance:testScript.LoginScenario@71bbf57e]" name="intializeVariables" is-config="true" duration-ms="220" started-at="2017-02-11T11:14:11Z" finished-at="2017-02-11T11:14:11Z">
          <reporter-output>
          </reporter-output>
        </test-method> <!-- intializeVariables -->
        <test-method status="PASS" signature="intializeBrowser(java.lang.String, [Ljava.lang.Object;)[pri:0, instance:testScript.LoginScenario@71bbf57e]" name="intializeBrowser" is-config="true" duration-ms="9130" started-at="2017-02-11T11:16:19Z" finished-at="2017-02-11T11:16:28Z">
          <params>
            <param index="0">
              <value>
                <![CDATA[firefox]]>
              </value>
            </param>
            <param index="1">
              <value>
                <![CDATA[[Ljava.lang.Object;@23aae55]]>
              </value>
            </param>
          </params>
          <reporter-output>
          </reporter-output>
        </test-method> <!-- intializeBrowser -->
        <test-method status="PASS" signature="validLoginScenario(java.util.Map)[pri:0, instance:testScript.LoginScenario@71bbf57e]" name="validLoginScenario" duration-ms="32978" started-at="2017-02-11T11:16:28Z" data-provider="DataProvider_Excel" finished-at="2017-02-11T11:17:01Z">
          <params>
            <param index="0">
              <value>
                <![CDATA[{TestDescription=This test is to validate valid login, UserName=qtpworld2008@gmail.com, AccountID=qtpworld2008 g, TC_ID=TC_01, Functionality=validLoginScenario, TestScenario=Login_Scenario_Check_Valid_and_Invalid, RunStatus=Y, Run=1.0, Password=learn123}]]>
              </value>
            </param>
          </params>
          <reporter-output>
          </reporter-output>
        </test-method> <!-- validLoginScenario -->
        <test-method status="PASS" signature="tearDown(org.testng.ITestResult)[pri:0, instance:testScript.LoginScenario@71bbf57e]" name="tearDown" is-config="true" duration-ms="645" started-at="2017-02-11T11:17:01Z" finished-at="2017-02-11T11:17:02Z">
          <params>
            <param index="0">
              <value>
                <![CDATA[[TestResult name=validLoginScenario status=SUCCESS method=LoginScenario.validLoginScenario(java.util.Map)[pri:0, instance:testScript.LoginScenario@71bbf57e] output={null}]]]>
              </value>
            </param>
          </params>
          <reporter-output>
          </reporter-output>
        </test-method> <!-- tearDown -->
        <test-method status="PASS" signature="intializeBrowser(java.lang.String, [Ljava.lang.Object;)[pri:0, instance:testScript.LoginScenario@71bbf57e]" name="intializeBrowser" is-config="true" duration-ms="7119" started-at="2017-02-11T11:17:02Z" finished-at="2017-02-11T11:17:09Z">
          <params>
            <param index="0">
              <value>
                <![CDATA[firefox]]>
              </value>
            </param>
            <param index="1">
              <value>
                <![CDATA[[Ljava.lang.Object;@5f574cc2]]>
              </value>
            </param>
          </params>
          <reporter-output>
          </reporter-output>
        </test-method> <!-- intializeBrowser -->
        <test-method status="SKIP" signature="validLoginScenario(java.util.Map)[pri:0, instance:testScript.LoginScenario@71bbf57e]" name="validLoginScenario" duration-ms="2351" started-at="2017-02-11T11:17:09Z" data-provider="DataProvider_Excel" finished-at="2017-02-11T11:17:11Z">
          <params>
            <param index="0">
              <value>
                <![CDATA[{TestDescription=This test is to validate invalid login, UserName=sfsds, AccountID=, TC_ID=TC_01, Functionality=validLoginScenario, TestScenario=Login_Scenario_Check_Valid_and_Invalid, RunStatus=Y, Run=2.0, Password=sdfsd}]]>
              </value>
            </param>
          </params>
          <exception class="org.testng.SkipException">
            <message>
              <![CDATA[The user has given incorrect user details]]>
            </message>
            <full-stacktrace>
              <![CDATA[org.testng.SkipException: The user has given incorrect user details
	at genericLibraries.BaseClass.skipExecution(BaseClass.java:104)
	at pageModulesGeneric.LoginGeneric.loginModule(LoginGeneric.java:46)
	at testScript.LoginScenario.validLoginScenario(LoginScenario.java:27)
	at sun.reflect.NativeMethodAccessorImpl.invoke0(Native Method)
	at sun.reflect.NativeMethodAccessorImpl.invoke(NativeMethodAccessorImpl.java:62)
	at sun.reflect.DelegatingMethodAccessorImpl.invoke(DelegatingMethodAccessorImpl.java:43)
	at java.lang.reflect.Method.invoke(Method.java:498)
	at org.testng.internal.MethodInvocationHelper.invokeMethod(MethodInvocationHelper.java:85)
	at org.testng.internal.Invoker.invokeMethod(Invoker.java:639)
	at org.testng.internal.Invoker.invokeTestMethod(Invoker.java:816)
	at org.testng.internal.Invoker.invokeTestMethods(Invoker.java:1124)
	at org.testng.internal.TestMethodWorker.invokeTestMethods(TestMethodWorker.java:125)
	at org.testng.internal.TestMethodWorker.run(TestMethodWorker.java:108)
	at org.testng.TestRunner.privateRun(TestRunner.java:774)
	at org.testng.TestRunner.run(TestRunner.java:624)
	at org.testng.SuiteRunner.runTest(SuiteRunner.java:359)
	at org.testng.SuiteRunner.runSequentially(SuiteRunner.java:354)
	at org.testng.SuiteRunner.privateRun(SuiteRunner.java:312)
	at org.testng.SuiteRunner.run(SuiteRunner.java:261)
	at org.testng.SuiteRunnerWorker.runSuite(SuiteRunnerWorker.java:52)
	at org.testng.SuiteRunnerWorker.run(SuiteRunnerWorker.java:86)
	at org.testng.TestNG.runSuitesSequentially(TestNG.java:1215)
	at org.testng.TestNG.runSuitesLocally(TestNG.java:1140)
	at org.testng.TestNG.run(TestNG.java:1048)
	at org.testng.remote.AbstractRemoteTestNG.run(AbstractRemoteTestNG.java:132)
	at org.testng.remote.RemoteTestNG.initAndRun(RemoteTestNG.java:236)
	at org.testng.remote.RemoteTestNG.main(RemoteTestNG.java:81)
]]>
            </full-stacktrace>
          </exception> <!-- org.testng.SkipException -->
          <reporter-output>
          </reporter-output>
        </test-method> <!-- validLoginScenario -->
        <test-method status="PASS" signature="tearDown(org.testng.ITestResult)[pri:0, instance:testScript.LoginScenario@71bbf57e]" name="tearDown" is-config="true" duration-ms="752" started-at="2017-02-11T11:17:11Z" finished-at="2017-02-11T11:17:12Z">
          <params>
            <param index="0">
              <value>
                <![CDATA[[TestResult name=validLoginScenario status=SKIP method=LoginScenario.validLoginScenario(java.util.Map)[pri:0, instance:testScript.LoginScenario@71bbf57e] output={null}]]]>
              </value>
            </param>
          </params>
          <reporter-output>
          </reporter-output>
        </test-method> <!-- tearDown -->
        <test-method status="PASS" signature="intializeBrowser(java.lang.String, [Ljava.lang.Object;)[pri:0, instance:testScript.LoginScenario@71bbf57e]" name="intializeBrowser" is-config="true" duration-ms="7860" started-at="2017-02-11T11:17:12Z" finished-at="2017-02-11T11:17:20Z">
          <params>
            <param index="0">
              <value>
                <![CDATA[firefox]]>
              </value>
            </param>
            <param index="1">
              <value>
                <![CDATA[[Ljava.lang.Object;@680bddf5]]>
              </value>
            </param>
          </params>
          <reporter-output>
          </reporter-output>
        </test-method> <!-- intializeBrowser -->
        <test-method status="SKIP" signature="validLoginScenario(java.util.Map)[pri:0, instance:testScript.LoginScenario@71bbf57e]" name="validLoginScenario" duration-ms="1320" started-at="2017-02-11T11:17:20Z" data-provider="DataProvider_Excel" finished-at="2017-02-11T11:17:21Z">
          <params>
            <param index="0">
              <value>
                <![CDATA[{TestDescription=This test is to validate invalid login, UserName=, AccountID=, TC_ID=TC_01, Functionality=validLoginScenario, TestScenario=Login_Scenario_Check_Valid_and_Invalid, RunStatus=Y, Run=3.0, Password=}]]>
              </value>
            </param>
          </params>
          <exception class="org.testng.SkipException">
            <message>
              <![CDATA[The user has given incorrect user details]]>
            </message>
            <full-stacktrace>
              <![CDATA[org.testng.SkipException: The user has given incorrect user details
	at genericLibraries.BaseClass.skipExecution(BaseClass.java:104)
	at pageModulesGeneric.LoginGeneric.loginModule(LoginGeneric.java:46)
	at testScript.LoginScenario.validLoginScenario(LoginScenario.java:27)
	at sun.reflect.NativeMethodAccessorImpl.invoke0(Native Method)
	at sun.reflect.NativeMethodAccessorImpl.invoke(NativeMethodAccessorImpl.java:62)
	at sun.reflect.DelegatingMethodAccessorImpl.invoke(DelegatingMethodAccessorImpl.java:43)
	at java.lang.reflect.Method.invoke(Method.java:498)
	at org.testng.internal.MethodInvocationHelper.invokeMethod(MethodInvocationHelper.java:85)
	at org.testng.internal.Invoker.invokeMethod(Invoker.java:639)
	at org.testng.internal.Invoker.invokeTestMethod(Invoker.java:816)
	at org.testng.internal.Invoker.invokeTestMethods(Invoker.java:1124)
	at org.testng.internal.TestMethodWorker.invokeTestMethods(TestMethodWorker.java:125)
	at org.testng.internal.TestMethodWorker.run(TestMethodWorker.java:108)
	at org.testng.TestRunner.privateRun(TestRunner.java:774)
	at org.testng.TestRunner.run(TestRunner.java:624)
	at org.testng.SuiteRunner.runTest(SuiteRunner.java:359)
	at org.testng.SuiteRunner.runSequentially(SuiteRunner.java:354)
	at org.testng.SuiteRunner.privateRun(SuiteRunner.java:312)
	at org.testng.SuiteRunner.run(SuiteRunner.java:261)
	at org.testng.SuiteRunnerWorker.runSuite(SuiteRunnerWorker.java:52)
	at org.testng.SuiteRunnerWorker.run(SuiteRunnerWorker.java:86)
	at org.testng.TestNG.runSuitesSequentially(TestNG.java:1215)
	at org.testng.TestNG.runSuitesLocally(TestNG.java:1140)
	at org.testng.TestNG.run(TestNG.java:1048)
	at org.testng.remote.AbstractRemoteTestNG.run(AbstractRemoteTestNG.java:132)
	at org.testng.remote.RemoteTestNG.initAndRun(RemoteTestNG.java:236)
	at org.testng.remote.RemoteTestNG.main(RemoteTestNG.java:81)
]]>
            </full-stacktrace>
          </exception> <!-- org.testng.SkipException -->
          <reporter-output>
          </reporter-output>
        </test-method> <!-- validLoginScenario -->
        <test-method status="PASS" signature="tearDown(org.testng.ITestResult)[pri:0, instance:testScript.LoginScenario@71bbf57e]" name="tearDown" is-config="true" duration-ms="781" started-at="2017-02-11T11:17:21Z" finished-at="2017-02-11T11:17:22Z">
          <params>
            <param index="0">
              <value>
                <![CDATA[[TestResult name=validLoginScenario status=SKIP method=LoginScenario.validLoginScenario(java.util.Map)[pri:0, instance:testScript.LoginScenario@71bbf57e] output={null}]]]>
              </value>
            </param>
          </params>
          <reporter-output>
          </reporter-output>
        </test-method> <!-- tearDown -->
        <test-method status="PASS" signature="endSuite()[pri:0, instance:testScript.LoginScenario@71bbf57e]" name="endSuite" is-config="true" duration-ms="338" started-at="2017-02-11T11:19:16Z" finished-at="2017-02-11T11:19:16Z">
          <reporter-output>
          </reporter-output>
        </test-method> <!-- endSuite -->
      </class> <!-- testScript.LoginScenario -->
    </test> <!-- firefox -->
  </suite> <!-- Suite -->
</testng-results>
